app/build/intermediates/manifest_merge_blame_file/debug/manifest-merger-blame-debug-report.txt
1<?xml version="1.0" encoding="utf-8"?>
2<manifest xmlns:android="http://schemas.android.com/apk/res/android"
3    package="com.fakhrads.uasakbif3101191116"
4    android:versionCode="1"
5    android:versionName="1.0" >
6
7    <uses-sdk
8        android:minSdkVersion="25"
8-->src\main\AndroidManifest.xml
9        android:targetSdkVersion="32" />
9-->src\main\AndroidManifest.xml
10
11    <uses-permission android:name="android.permission.INTERNET" />
11-->[com.google.firebase:firebase-auth:21.0.6] AndroidManifest.xml:23:5-67
11-->[com.google.firebase:firebase-auth:21.0.6] AndroidManifest.xml:23:22-64
12    <uses-permission android:name="android.permission.ACCESS_NETWORK_STATE" />
12-->[com.google.firebase:firebase-auth:21.0.6] AndroidManifest.xml:24:5-79
12-->[com.google.firebase:firebase-auth:21.0.6] AndroidManifest.xml:24:22-76
13
14    <application
14-->src\main\AndroidManifest.xml:6:5-42:19
15        android:allowBackup="true"
15-->src\main\AndroidManifest.xml:7:9-35
16        android:appComponentFactory="androidx.core.app.CoreComponentFactory"
16-->[androidx.core:core:1.8.0] AndroidManifest.xml:24:18-86
17        android:dataExtractionRules="@xml/data_extraction_rules"
17-->src\main\AndroidManifest.xml:8:9-65
18        android:debuggable="true"
19        android:extractNativeLibs="false"
20        android:fullBackupContent="@xml/backup_rules"
20-->src\main\AndroidManifest.xml:9:9-54
21        android:icon="@mipmap/ic_launcher"
21-->src\main\AndroidManifest.xml:10:9-43
22        android:label="@string/app_name"
22-->src\main\AndroidManifest.xml:11:9-41
23        android:roundIcon="@mipmap/ic_launcher_round"
23-->src\main\AndroidManifest.xml:12:9-54
24        android:supportsRtl="true"
24-->src\main\AndroidManifest.xml:13:9-35
25        android:theme="@style/Theme.UASAKBIF3101191116" >
25-->src\main\AndroidManifest.xml:14:9-56
26        <activity
26-->src\main\AndroidManifest.xml:16:9-18:40
27            android:name="com.fakhrads.uasakbif3101191116.RegistrationActivity"
27-->src\main\AndroidManifest.xml:17:13-49
28            android:exported="false" />
28-->src\main\AndroidManifest.xml:18:13-37
29        <activity
29-->src\main\AndroidManifest.xml:19:9-21:40
30            android:name="com.fakhrads.uasakbif3101191116.LoginActivity"
30-->src\main\AndroidManifest.xml:20:13-42
31            android:exported="false" />
31-->src\main\AndroidManifest.xml:21:13-37
32        <activity
32-->src\main\AndroidManifest.xml:22:9-24:40
33            android:name="com.fakhrads.uasakbif3101191116.EditActivity"
33-->src\main\AndroidManifest.xml:23:13-41
34            android:exported="false" />
34-->src\main\AndroidManifest.xml:24:13-37
35        <activity
35-->src\main\AndroidManifest.xml:25:9-27:40
36            android:name="com.fakhrads.uasakbif3101191116.IntroActivity"
36-->src\main\AndroidManifest.xml:26:13-42
37            android:exported="false" />
37-->src\main\AndroidManifest.xml:27:13-37
38        <activity
38-->src\main\AndroidManifest.xml:28:9-30:40
39            android:name="com.fakhrads.uasakbif3101191116.MainActivity"
39-->src\main\AndroidManifest.xml:29:13-41
40            android:exported="false" />
40-->src\main\AndroidManifest.xml:30:13-37
41        <activity
41-->src\main\AndroidManifest.xml:31:9-41:20
42            android:name="com.fakhrads.uasakbif3101191116.SplashScreen"
42-->src\main\AndroidManifest.xml:32:13-41
43            android:exported="true"
43-->src\main\AndroidManifest.xml:33:13-36
44            android:label="@string/app_name"
44-->src\main\AndroidManifest.xml:34:13-45
45            android:theme="@style/Theme.Fab_Bottom_app_bar" >
45-->src\main\AndroidManifest.xml:35:13-60
46            <intent-filter>
46-->src\main\AndroidManifest.xml:36:13-40:29
47                <action android:name="android.intent.action.MAIN" />
47-->src\main\AndroidManifest.xml:37:17-69
47-->src\main\AndroidManifest.xml:37:25-66
48
49                <category android:name="android.intent.category.LAUNCHER" />
49-->src\main\AndroidManifest.xml:39:17-77
49-->src\main\AndroidManifest.xml:39:27-74
50            </intent-filter>
51        </activity>
52        <activity
52-->[com.google.firebase:firebase-auth:21.0.6] AndroidManifest.xml:27:9-44:20
53            android:name="com.google.firebase.auth.internal.GenericIdpActivity"
53-->[com.google.firebase:firebase-auth:21.0.6] AndroidManifest.xml:28:13-80
54            android:excludeFromRecents="true"
54-->[com.google.firebase:firebase-auth:21.0.6] AndroidManifest.xml:29:13-46
55            android:exported="true"
55-->[com.google.firebase:firebase-auth:21.0.6] AndroidManifest.xml:30:13-36
56            android:launchMode="singleTask"
56-->[com.google.firebase:firebase-auth:21.0.6] AndroidManifest.xml:31:13-44
57            android:theme="@android:style/Theme.Translucent.NoTitleBar" >
57-->[com.google.firebase:firebase-auth:21.0.6] AndroidManifest.xml:32:13-72
58            <intent-filter>
58-->[com.google.firebase:firebase-auth:21.0.6] AndroidManifest.xml:33:13-43:29
59                <action android:name="android.intent.action.VIEW" />
59-->[com.google.firebase:firebase-auth:21.0.6] AndroidManifest.xml:34:17-69
59-->[com.google.firebase:firebase-auth:21.0.6] AndroidManifest.xml:34:25-66
60
61                <category android:name="android.intent.category.DEFAULT" />
61-->[com.google.firebase:firebase-auth:21.0.6] AndroidManifest.xml:36:17-76
61-->[com.google.firebase:firebase-auth:21.0.6] AndroidManifest.xml:36:27-73
62                <category android:name="android.intent.category.BROWSABLE" />
62-->[com.google.firebase:firebase-auth:21.0.6] AndroidManifest.xml:37:17-78
62-->[com.google.firebase:firebase-auth:21.0.6] AndroidManifest.xml:37:27-75
63
64                <data
64-->[com.google.firebase:firebase-auth:21.0.6] AndroidManifest.xml:39:17-42:51
65                    android:host="firebase.auth"
65-->[com.google.firebase:firebase-auth:21.0.6] AndroidManifest.xml:40:21-49
66                    android:path="/"
66-->[com.google.firebase:firebase-auth:21.0.6] AndroidManifest.xml:41:21-37
67                    android:scheme="genericidp" />
67-->[com.google.firebase:firebase-auth:21.0.6] AndroidManifest.xml:42:21-48
68            </intent-filter>
69        </activity>
70        <activity
70-->[com.google.firebase:firebase-auth:21.0.6] AndroidManifest.xml:45:9-62:20
71            android:name="com.google.firebase.auth.internal.RecaptchaActivity"
71-->[com.google.firebase:firebase-auth:21.0.6] AndroidManifest.xml:46:13-79
72            android:excludeFromRecents="true"
72-->[com.google.firebase:firebase-auth:21.0.6] AndroidManifest.xml:47:13-46
73            android:exported="true"
73-->[com.google.firebase:firebase-auth:21.0.6] AndroidManifest.xml:48:13-36
74            android:launchMode="singleTask"
74-->[com.google.firebase:firebase-auth:21.0.6] AndroidManifest.xml:49:13-44
75            android:theme="@android:style/Theme.Translucent.NoTitleBar" >
75-->[com.google.firebase:firebase-auth:21.0.6] AndroidManifest.xml:50:13-72
76            <intent-filter>
76-->[com.google.firebase:firebase-auth:21.0.6] AndroidManifest.xml:51:13-61:29
77                <action android:name="android.intent.action.VIEW" />
77-->[com.google.firebase:firebase-auth:21.0.6] AndroidManifest.xml:34:17-69
77-->[com.google.firebase:firebase-auth:21.0.6] AndroidManifest.xml:34:25-66
78
79                <category android:name="android.intent.category.DEFAULT" />
79-->[com.google.firebase:firebase-auth:21.0.6] AndroidManifest.xml:36:17-76
79-->[com.google.firebase:firebase-auth:21.0.6] AndroidManifest.xml:36:27-73
80                <category android:name="android.intent.category.BROWSABLE" />
80-->[com.google.firebase:firebase-auth:21.0.6] AndroidManifest.xml:37:17-78
80-->[com.google.firebase:firebase-auth:21.0.6] AndroidManifest.xml:37:27-75
81
82                <data
82-->[com.google.firebase:firebase-auth:21.0.6] AndroidManifest.xml:39:17-42:51
83                    android:host="firebase.auth"
83-->[com.google.firebase:firebase-auth:21.0.6] AndroidManifest.xml:40:21-49
84                    android:path="/"
84-->[com.google.firebase:firebase-auth:21.0.6] AndroidManifest.xml:41:21-37
85                    android:scheme="recaptcha" />
85-->[com.google.firebase:firebase-auth:21.0.6] AndroidManifest.xml:42:21-48
86            </intent-filter>
87        </activity>
88
89        <service
89-->[com.google.firebase:firebase-auth:21.0.6] AndroidManifest.xml:64:9-70:19
90            android:name="com.google.firebase.components.ComponentDiscoveryService"
90-->[com.google.firebase:firebase-auth:21.0.6] AndroidManifest.xml:65:13-84
91            android:directBootAware="true"
91-->[com.google.firebase:firebase-common:20.1.0] AndroidManifest.xml:35:13-43
92            android:exported="false" >
92-->[com.google.firebase:firebase-auth:21.0.6] AndroidManifest.xml:66:13-37
93            <meta-data
93-->[com.google.firebase:firebase-auth:21.0.6] AndroidManifest.xml:67:13-69:85
94                android:name="com.google.firebase.components:com.google.firebase.auth.FirebaseAuthRegistrar"
94-->[com.google.firebase:firebase-auth:21.0.6] AndroidManifest.xml:68:17-109
95                android:value="com.google.firebase.components.ComponentRegistrar" />
95-->[com.google.firebase:firebase-auth:21.0.6] AndroidManifest.xml:69:17-82
96        </service>
97
98        <provider
98-->[com.google.firebase:firebase-common:20.1.0] AndroidManifest.xml:26:9-31:39
99            android:name="com.google.firebase.provider.FirebaseInitProvider"
99-->[com.google.firebase:firebase-common:20.1.0] AndroidManifest.xml:27:13-77
100            android:authorities="com.fakhrads.uasakbif3101191116.firebaseinitprovider"
100-->[com.google.firebase:firebase-common:20.1.0] AndroidManifest.xml:28:13-72
101            android:directBootAware="true"
101-->[com.google.firebase:firebase-common:20.1.0] AndroidManifest.xml:29:13-43
102            android:exported="false"
102-->[com.google.firebase:firebase-common:20.1.0] AndroidManifest.xml:30:13-37
103            android:initOrder="100" />
103-->[com.google.firebase:firebase-common:20.1.0] AndroidManifest.xml:31:13-36
104
105        <activity
105-->[com.google.android.gms:play-services-base:17.1.0] AndroidManifest.xml:23:9-26:75
106            android:name="com.google.android.gms.common.api.GoogleApiActivity"
106-->[com.google.android.gms:play-services-base:17.1.0] AndroidManifest.xml:24:13-79
107            android:exported="false"
107-->[com.google.android.gms:play-services-base:17.1.0] AndroidManifest.xml:25:13-37
108            android:theme="@android:style/Theme.Translucent.NoTitleBar" />
108-->[com.google.android.gms:play-services-base:17.1.0] AndroidManifest.xml:26:13-72
109
110        <meta-data
110-->[com.google.android.gms:play-services-basement:18.0.0] AndroidManifest.xml:21:9-23:69
111            android:name="com.google.android.gms.version"
111-->[com.google.android.gms:play-services-basement:18.0.0] AndroidManifest.xml:22:13-58
112            android:value="@integer/google_play_services_version" />
112-->[com.google.android.gms:play-services-basement:18.0.0] AndroidManifest.xml:23:13-66
113
114        <provider
114-->[androidx.emoji2:emoji2:1.2.0] AndroidManifest.xml:24:9-32:20
115            android:name="androidx.startup.InitializationProvider"
115-->[androidx.emoji2:emoji2:1.2.0] AndroidManifest.xml:25:13-67
116            android:authorities="com.fakhrads.uasakbif3101191116.androidx-startup"
116-->[androidx.emoji2:emoji2:1.2.0] AndroidManifest.xml:26:13-68
117            android:exported="false" >
117-->[androidx.emoji2:emoji2:1.2.0] AndroidManifest.xml:27:13-37
118            <meta-data
118-->[androidx.emoji2:emoji2:1.2.0] AndroidManifest.xml:29:13-31:52
119                android:name="androidx.emoji2.text.EmojiCompatInitializer"
119-->[androidx.emoji2:emoji2:1.2.0] AndroidManifest.xml:30:17-75
120                android:value="androidx.startup" />
120-->[androidx.emoji2:emoji2:1.2.0] AndroidManifest.xml:31:17-49
121            <meta-data
121-->[androidx.lifecycle:lifecycle-process:2.4.1] AndroidManifest.xml:31:13-33:52
122                android:name="androidx.lifecycle.ProcessLifecycleInitializer"
122-->[androidx.lifecycle:lifecycle-process:2.4.1] AndroidManifest.xml:32:17-78
123                android:value="androidx.startup" />
123-->[androidx.lifecycle:lifecycle-process:2.4.1] AndroidManifest.xml:33:17-49
124        </provider>
125
126        <uses-library
126-->[androidx.window:window:1.0.0] AndroidManifest.xml:25:9-27:40
127            android:name="androidx.window.extensions"
127-->[androidx.window:window:1.0.0] AndroidManifest.xml:26:13-54
128            android:required="false" />
128-->[androidx.window:window:1.0.0] AndroidManifest.xml:27:13-37
129        <uses-library
129-->[androidx.window:window:1.0.0] AndroidManifest.xml:28:9-30:40
130            android:name="androidx.window.sidecar"
130-->[androidx.window:window:1.0.0] AndroidManifest.xml:29:13-51
131            android:required="false" />
131-->[androidx.window:window:1.0.0] AndroidManifest.xml:30:13-37
132    </application>
133
134</manifest>